
Connected to: Oracle8i Enterprise Edition Release 8.1.6.0.0 - Production
With the Partitioning option
JServer Release 8.1.6.0.0 - Production
Export done in US7ASCII character set and US7ASCII NCHAR character set
Note: grants on tables/views/sequences/roles will not be exported
Note: indexes on tables will not be exported
Note: constraints on tables will not be exported

About to export specified users ...
. exporting pre-schema procedural objects and actions
. exporting foreign function library names for user STANDARD 
. exporting object type definitions for user STANDARD 
About to export STANDARD's objects ...
. exporting database links
. exporting sequence numbers
. exporting cluster definitions
. about to export STANDARD's tables via Conventional Path ...
. . exporting table                       HDB_AGEN         33 rows exported
. . exporting table                       HDB_ATTR         37 rows exported
. . exporting table          HDB_COLLECTION_SYSTEM         13 rows exported
. . exporting table          HDB_COMPUTED_DATATYPE          2 rows exported
. . exporting table                    HDB_DAMTYPE         12 rows exported
. . exporting table                   HDB_DATATYPE        268 rows exported
. . exporting table              HDB_DATATYPE_TYPE          6 rows exported
. . exporting table                HDB_DATA_SOURCE         14 rows exported
. . exporting table             HDB_DATE_TIME_UNIT          6 rows exported
. . exporting table            HDB_DERIVATION_FLAG          5 rows exported
. . exporting table                  HDB_DIMENSION         28 rows exported
. . exporting table                    HDB_DIVTYPE          2 rows exported
. . exporting table               HDB_DMI_UNIT_MAP         27 rows exported
. . exporting table                   HDB_GAGETYPE          0 rows exported
. . exporting table                   HDB_INTERVAL          8 rows exported
. . exporting table        HDB_LOADING_APPLICATION         32 rows exported
. . exporting table                     HDB_METHOD         20 rows exported
. . exporting table               HDB_METHOD_CLASS         16 rows exported
. . exporting table          HDB_METHOD_CLASS_TYPE          4 rows exported
. . exporting table                  HDB_MODELTYPE          3 rows exported
. . exporting table                 HDB_OBJECTTYPE         15 rows exported
. . exporting table                   HDB_OPERATOR          4 rows exported
. . exporting table             HDB_OVERWRITE_FLAG          2 rows exported
. . exporting table                      HDB_STATE         50 rows exported
. . exporting table                       HDB_UNIT         79 rows exported
. . exporting table                   HDB_USBR_OFF         15 rows exported
. . exporting table                 HDB_VALIDATION          7 rows exported
. . exporting table      REF_INTERVAL_REDEFINITION          1 rows exported
. exporting synonyms
. exporting views
. exporting stored procedures
. exporting operators
. exporting triggers
. exporting indextypes
. exporting posttables actions
. exporting snapshots
. exporting snapshot logs
. exporting job queues
. exporting refresh groups and children
. exporting dimensions
. exporting post-schema procedural objects and actions
. exporting statistics
Export terminated successfully without warnings.
